<?xml version="1.0" encoding="UTF-8"?>
<!-- Generated by org.testng.reporters.JUnitReportReporter -->
<testsuite hostname="LAPTOP-3LRATIM9" failures="0" tests="1" name="entityModels.LoginAndDashboardFunc" time="35.864" errors="0" timestamp="2023-08-11T15:51:36 IST" skipped="0">
  <testcase classname="entityModels.LoginAndDashboardFunc" name="PI_UI" time="35.864"/>
  <system-out/>
</testsuite> <!-- entityModels.LoginAndDashboardFunc -->
