<?xml version="1.0" encoding="UTF-8"?>
<!-- Generated by org.testng.reporters.JUnitReportReporter -->
<testsuite hostname="LAPTOP-3LRATIM9" failures="0" tests="1" name="entityModels.Login" time="37.037" errors="0" timestamp="2023-08-08T23:03:56 IST" skipped="0">
  <testcase classname="entityModels.Login" name="Usernode" time="37.037"/>
  <system-out/>
</testsuite> <!-- entityModels.Login -->
